Determining if the pthread_create exist failed with the following output:
Change Dir: /home/geii/lec1/build/CMakeFiles/CMakeTmp

Run Build Command:"/usr/bin/make" "cmTC_762d0/fast"
/usr/bin/make -f CMakeFiles/cmTC_762d0.dir/build.make CMakeFiles/cmTC_762d0.dir/build
make[1]: Entering directory '/home/geii/lec1/build/CMakeFiles/CMakeTmp'
Building C object CMakeFiles/cmTC_762d0.dir/CheckSymbolExists.c.o
/usr/bin/cc    -o CMakeFiles/cmTC_762d0.dir/CheckSymbolExists.c.o   -c /home/geii/lec1/build/CMakeFiles/CMakeTmp/CheckSymbolExists.c
Linking C executable cmTC_762d0
/usr/bin/cmake -E cmake_link_script CMakeFiles/cmTC_762d0.dir/link.txt --verbose=1
/usr/bin/cc      -rdynamic CMakeFiles/cmTC_762d0.dir/CheckSymbolExists.c.o  -o cmTC_762d0 
CMakeFiles/cmTC_762d0.dir/CheckSymbolExists.c.o: In function `main':
CheckSymbolExists.c:(.text+0x14): undefined reference to `pthread_create'
CheckSymbolExists.c:(.text+0x18): undefined reference to `pthread_create'
collect2: error: ld returned 1 exit status
CMakeFiles/cmTC_762d0.dir/build.make:97: recipe for target 'cmTC_762d0' failed
make[1]: *** [cmTC_762d0] Error 1
make[1]: Leaving directory '/home/geii/lec1/build/CMakeFiles/CMakeTmp'
Makefile:126: recipe for target 'cmTC_762d0/fast' failed
make: *** [cmTC_762d0/fast] Error 2

File /home/geii/lec1/build/CMakeFiles/CMakeTmp/CheckSymbolExists.c:
/* */
#include <pthread.h>

int main(int argc, char** argv)
{
  (void)argv;
#ifndef pthread_create
  return ((int*)(&pthread_create))[argc];
#else
  (void)argc;
  return 0;
#endif
}

